<?xml version="1.0" encoding="UTF-8"?>
<!-- Generated by org.testng.reporters.JUnitReportReporter -->
<testsuite skipped="0" hostname="Khursheeds-MacBook-Air.local" name="XEROAutomationTestSuite.XEROAutomationTestSuite.XEROTestCases" tests="8" failures="0" timestamp="2020-03-21T23:42:01 PDT" time="95.320" errors="0">
  <testcase name="TC02_IncorrectPassword" time="16.094" classname="XEROAutomationTestSuite.XEROAutomationTestSuite.XEROTestCases"/>
  <system-out/>
  <testcase name="TC03_IncorrectEmail" time="11.415" classname="XEROAutomationTestSuite.XEROAutomationTestSuite.XEROTestCases"/>
  <system-out/>
  <testcase name="TC04_ForgotPassword" time="19.214" classname="XEROAutomationTestSuite.XEROAutomationTestSuite.XEROTestCases"/>
  <system-out/>
  <testcase name="TC05_SignUpToXDC" time="8.778" classname="XEROAutomationTestSuite.XEROAutomationTestSuite.XEROTestCases"/>
  <system-out/>
  <testcase name="TC06_SignUpToXDC" time="9.278" classname="XEROAutomationTestSuite.XEROAutomationTestSuite.XEROTestCases"/>
  <system-out/>
  <testcase name="TC07_SignUpToXDC" time="16.456" classname="XEROAutomationTestSuite.XEROAutomationTestSuite.XEROTestCases"/>
  <system-out/>
  <testcase name="TC08_SignUpToXDC" time="6.546" classname="XEROAutomationTestSuite.XEROAutomationTestSuite.XEROTestCases"/>
  <system-out/>
  <testcase name="TC09_SignUpToXDC" time="7.539" classname="XEROAutomationTestSuite.XEROAutomationTestSuite.XEROTestCases"/>
  <system-out/>
</testsuite> <!-- XEROAutomationTestSuite.XEROAutomationTestSuite.XEROTestCases -->
